Release 14.7 - xst P.20131013 (lin64)
Copyright (c) 1995-2013 Xilinx, Inc.  All rights reserved.
--> 
Parameter TMPDIR set to xst/projnav.tmp


Total REAL time to Xst completion: 0.00 secs
Total CPU time to Xst completion: 0.14 secs
 
--> 
Parameter xsthdpdir set to xst


Total REAL time to Xst completion: 0.00 secs
Total CPU time to Xst completion: 0.14 secs
 
--> 
Reading design: Top_Level.prj

TABLE OF CONTENTS
  1) Synthesis Options Summary
  2) HDL Compilation
  3) Design Hierarchy Analysis
  4) HDL Analysis
  5) HDL Synthesis
     5.1) HDL Synthesis Report
  6) Advanced HDL Synthesis
     6.1) Advanced HDL Synthesis Report
  7) Low Level Synthesis
  8) Partition Report
  9) Final Report
	9.1) Device utilization summary
	9.2) Partition Resource Summary
	9.3) TIMING REPORT


=========================================================================
*                      Synthesis Options Summary                        *
=========================================================================
---- Source Parameters
Input File Name                    : "Top_Level.prj"
Input Format                       : mixed
Ignore Synthesis Constraint File   : NO

---- Target Parameters
Output File Name                   : "Top_Level"
Output Format                      : NGC
Target Device                      : xc3s500e-4-fg320

---- Source Options
Top Module Name                    : Top_Level
Automatic FSM Extraction           : YES
FSM Encoding Algorithm             : Auto
Safe Implementation                : No
FSM Style                          : LUT
RAM Extraction                     : Yes
RAM Style                          : Auto
ROM Extraction                     : Yes
Mux Style                          : Auto
Decoder Extraction                 : YES
Priority Encoder Extraction        : Yes
Shift Register Extraction          : YES
Logical Shifter Extraction         : YES
XOR Collapsing                     : YES
ROM Style                          : Auto
Mux Extraction                     : Yes
Resource Sharing                   : YES
Asynchronous To Synchronous        : NO
Multiplier Style                   : Auto
Automatic Register Balancing       : No

---- Target Options
Add IO Buffers                     : YES
Global Maximum Fanout              : 100000
Add Generic Clock Buffer(BUFG)     : 24
Register Duplication               : YES
Slice Packing                      : YES
Optimize Instantiated Primitives   : NO
Use Clock Enable                   : Yes
Use Synchronous Set                : Yes
Use Synchronous Reset              : Yes
Pack IO Registers into IOBs        : Auto
Equivalent register Removal        : YES

---- General Options
Optimization Goal                  : Speed
Optimization Effort                : 1
Keep Hierarchy                     : No
Netlist Hierarchy                  : As_Optimized
RTL Output                         : Yes
Global Optimization                : AllClockNets
Read Cores                         : YES
Write Timing Constraints           : NO
Cross Clock Analysis               : NO
Hierarchy Separator                : /
Bus Delimiter                      : <>
Case Specifier                     : Maintain
Slice Utilization Ratio            : 100
BRAM Utilization Ratio             : 100
Verilog 2001                       : YES
Auto BRAM Packing                  : NO
Slice Utilization Ratio Delta      : 5

=========================================================================


=========================================================================
*                          HDL Compilation                              *
=========================================================================
Compiling vhdl file "/home/robert/github/Spartan-HW/debounce.vhd" in Library work.
Architecture logic of Entity debounce is up to date.
Compiling vhdl file "/home/robert/github/Spartan-HW/led_increment.vhd" in Library work.
Architecture behavioral of Entity led_increment is up to date.
Compiling vhdl file "/home/robert/github/Spartan-HW/button_debounce.vhd" in Library work.
Architecture structural of Entity button_debounce is up to date.
Compiling vhdl file "/home/robert/github/Spartan-HW/Top_Level.vhd" in Library work.
Architecture structural of Entity top_level is up to date.

=========================================================================
*                     Design Hierarchy Analysis                         *
=========================================================================
Analyzing hierarchy for entity <Top_Level> in library <work> (architecture <structural>).

Analyzing hierarchy for entity <led_increment> in library <work> (architecture <Behavioral>) with generics.
	count_width = 8

Analyzing hierarchy for entity <button_debounce> in library <work> (architecture <Structural>).

Analyzing hierarchy for entity <debounce> in library <work> (architecture <Logic>) with generics.
	wait_time = 20


=========================================================================
*                            HDL Analysis                               *
=========================================================================
Analyzing Entity <Top_Level> in library <work> (Architecture <structural>).
Entity <Top_Level> analyzed. Unit <Top_Level> generated.

Analyzing generic Entity <led_increment> in library <work> (Architecture <Behavioral>).
	count_width = 8
WARNING:Xst:819 - "/home/robert/github/Spartan-HW/led_increment.vhd" line 53: One or more signals are missing in the process sensitivity list. To enable synthesis of FPGA/CPLD hardware, XST will assume that all necessary signals are present in the sensitivity list. Please note that the result of the synthesis may differ from the initial design specification. The missing signals are:
   <ZEROS>
Entity <led_increment> analyzed. Unit <led_increment> generated.

Analyzing Entity <button_debounce> in library <work> (Architecture <Structural>).
Entity <button_debounce> analyzed. Unit <button_debounce> generated.

Analyzing generic Entity <debounce> in library <work> (Architecture <Logic>).
	wait_time = 20
Entity <debounce> analyzed. Unit <debounce> generated.


=========================================================================
*                           HDL Synthesis                               *
=========================================================================

Performing bidirectional port resolution...

Synthesizing Unit <led_increment>.
    Related source file is "/home/robert/github/Spartan-HW/led_increment.vhd".
WARNING:Xst:653 - Signal <ZEROS> is used but never assigned. This sourceless signal will be automatically connected to value 00000000.
    Found 8-bit up counter for signal <COUNTER>.
    Summary:
	inferred   1 Counter(s).
Unit <led_increment> synthesized.


Synthesizing Unit <debounce>.
    Related source file is "/home/robert/github/Spartan-HW/debounce.vhd".
    Found 1-bit register for signal <OUTPUT>.
    Found 21-bit up counter for signal <COUNT>.
    Found 1-bit xor2 for signal <D_SET>.
    Found 2-bit register for signal <D_STATE>.
    Summary:
	inferred   1 Counter(s).
	inferred   3 D-type flip-flop(s).
Unit <debounce> synthesized.


Synthesizing Unit <button_debounce>.
    Related source file is "/home/robert/github/Spartan-HW/button_debounce.vhd".
Unit <button_debounce> synthesized.


Synthesizing Unit <Top_Level>.
    Related source file is "/home/robert/github/Spartan-HW/Top_Level.vhd".
WARNING:Xst:647 - Input <SW> is never used. This port will be preserved and left unconnected if it belongs to a top-level block or it belongs to a sub-block and the hierarchy of this sub-block is preserved.
WARNING:Xst:1780 - Signal <SCLK> is never used or assigned. This unconnected signal will be trimmed during the optimization process.
WARNING:Xst:653 - Signal <ENABLE> is used but never assigned. This sourceless signal will be automatically connected to value 1.
WARNING:Xst:646 - Signal <DBTN<3>> is assigned but never used. This unconnected signal will be trimmed during the optimization process.
WARNING:Xst:646 - Signal <DBTN<1:0>> is assigned but never used. This unconnected signal will be trimmed during the optimization process.
Unit <Top_Level> synthesized.


=========================================================================
HDL Synthesis Report

Macro Statistics
# Counters                                             : 5
 21-bit up counter                                     : 4
 8-bit up counter                                      : 1
# Registers                                            : 12
 1-bit register                                        : 12
# Xors                                                 : 4
 1-bit xor2                                            : 4

=========================================================================

=========================================================================
*                       Advanced HDL Synthesis                          *
=========================================================================

WARNING:Xst:1290 - Hierarchical block <BTN_0> is unconnected in block <Button_Debounce>.
   It will be removed from the design.
WARNING:Xst:1290 - Hierarchical block <BTN_1> is unconnected in block <Button_Debounce>.
   It will be removed from the design.
WARNING:Xst:1290 - Hierarchical block <BTN_3> is unconnected in block <Button_Debounce>.
   It will be removed from the design.

=========================================================================
Advanced HDL Synthesis Report

Macro Statistics
# Counters                                             : 5
 21-bit up counter                                     : 4
 8-bit up counter                                      : 1
# Registers                                            : 12
 Flip-Flops                                            : 12
# Xors                                                 : 4
 1-bit xor2                                            : 4

=========================================================================

=========================================================================
*                         Low Level Synthesis                           *
=========================================================================

Optimizing unit <Top_Level> ...

Optimizing unit <debounce> ...
WARNING:Xst:2677 - Node <Button_Debounce/BTN_0/COUNT_20> of sequential type is unconnected in block <Top_Level>.
WARNING:Xst:2677 - Node <Button_Debounce/BTN_0/COUNT_19> of sequential type is unconnected in block <Top_Level>.
WARNING:Xst:2677 - Node <Button_Debounce/BTN_0/COUNT_18> of sequential type is unconnected in block <Top_Level>.
WARNING:Xst:2677 - Node <Button_Debounce/BTN_0/COUNT_17> of sequential type is unconnected in block <Top_Level>.
WARNING:Xst:2677 - Node <Button_Debounce/BTN_0/COUNT_16> of sequential type is unconnected in block <Top_Level>.
WARNING:Xst:2677 - Node <Button_Debounce/BTN_0/COUNT_15> of sequential type is unconnected in block <Top_Level>.
WARNING:Xst:2677 - Node <Button_Debounce/BTN_0/COUNT_14> of sequential type is unconnected in block <Top_Level>.
WARNING:Xst:2677 - Node <Button_Debounce/BTN_0/COUNT_13> of sequential type is unconnected in block <Top_Level>.
WARNING:Xst:2677 - Node <Button_Debounce/BTN_0/COUNT_12> of sequential type is unconnected in block <Top_Level>.
WARNING:Xst:2677 - Node <Button_Debounce/BTN_0/COUNT_11> of sequential type is unconnected in block <Top_Level>.
WARNING:Xst:2677 - Node <Button_Debounce/BTN_0/COUNT_10> of sequential type is unconnected in block <Top_Level>.
WARNING:Xst:2677 - Node <Button_Debounce/BTN_0/COUNT_9> of sequential type is unconnected in block <Top_Level>.
WARNING:Xst:2677 - Node <Button_Debounce/BTN_0/COUNT_8> of sequential type is unconnected in block <Top_Level>.
WARNING:Xst:2677 - Node <Button_Debounce/BTN_0/COUNT_7> of sequential type is unconnected in block <Top_Level>.
WARNING:Xst:2677 - Node <Button_Debounce/BTN_0/COUNT_6> of sequential type is unconnected in block <Top_Level>.
WARNING:Xst:2677 - Node <Button_Debounce/BTN_0/COUNT_5> of sequential type is unconnected in block <Top_Level>.
WARNING:Xst:2677 - Node <Button_Debounce/BTN_0/COUNT_4> of sequential type is unconnected in block <Top_Level>.
WARNING:Xst:2677 - Node <Button_Debounce/BTN_0/COUNT_3> of sequential type is unconnected in block <Top_Level>.
WARNING:Xst:2677 - Node <Button_Debounce/BTN_0/COUNT_2> of sequential type is unconnected in block <Top_Level>.
WARNING:Xst:2677 - Node <Button_Debounce/BTN_0/COUNT_1> of sequential type is unconnected in block <Top_Level>.
WARNING:Xst:2677 - Node <Button_Debounce/BTN_0/COUNT_0> of sequential type is unconnected in block <Top_Level>.
WARNING:Xst:2677 - Node <Button_Debounce/BTN_0/OUTPUT> of sequential type is unconnected in block <Top_Level>.
WARNING:Xst:2677 - Node <Button_Debounce/BTN_0/D_STATE_1> of sequential type is unconnected in block <Top_Level>.
WARNING:Xst:2677 - Node <Button_Debounce/BTN_0/D_STATE_0> of sequential type is unconnected in block <Top_Level>.
WARNING:Xst:2677 - Node <Button_Debounce/BTN_1/COUNT_20> of sequential type is unconnected in block <Top_Level>.
WARNING:Xst:2677 - Node <Button_Debounce/BTN_1/COUNT_19> of sequential type is unconnected in block <Top_Level>.
WARNING:Xst:2677 - Node <Button_Debounce/BTN_1/COUNT_18> of sequential type is unconnected in block <Top_Level>.
WARNING:Xst:2677 - Node <Button_Debounce/BTN_1/COUNT_17> of sequential type is unconnected in block <Top_Level>.
WARNING:Xst:2677 - Node <Button_Debounce/BTN_1/COUNT_16> of sequential type is unconnected in block <Top_Level>.
WARNING:Xst:2677 - Node <Button_Debounce/BTN_1/COUNT_15> of sequential type is unconnected in block <Top_Level>.
WARNING:Xst:2677 - Node <Button_Debounce/BTN_1/COUNT_14> of sequential type is unconnected in block <Top_Level>.
WARNING:Xst:2677 - Node <Button_Debounce/BTN_1/COUNT_13> of sequential type is unconnected in block <Top_Level>.
WARNING:Xst:2677 - Node <Button_Debounce/BTN_1/COUNT_12> of sequential type is unconnected in block <Top_Level>.
WARNING:Xst:2677 - Node <Button_Debounce/BTN_1/COUNT_11> of sequential type is unconnected in block <Top_Level>.
WARNING:Xst:2677 - Node <Button_Debounce/BTN_1/COUNT_10> of sequential type is unconnected in block <Top_Level>.
WARNING:Xst:2677 - Node <Button_Debounce/BTN_1/COUNT_9> of sequential type is unconnected in block <Top_Level>.
WARNING:Xst:2677 - Node <Button_Debounce/BTN_1/COUNT_8> of sequential type is unconnected in block <Top_Level>.
WARNING:Xst:2677 - Node <Button_Debounce/BTN_1/COUNT_7> of sequential type is unconnected in block <Top_Level>.
WARNING:Xst:2677 - Node <Button_Debounce/BTN_1/COUNT_6> of sequential type is unconnected in block <Top_Level>.
WARNING:Xst:2677 - Node <Button_Debounce/BTN_1/COUNT_5> of sequential type is unconnected in block <Top_Level>.
WARNING:Xst:2677 - Node <Button_Debounce/BTN_1/COUNT_4> of sequential type is unconnected in block <Top_Level>.
WARNING:Xst:2677 - Node <Button_Debounce/BTN_1/COUNT_3> of sequential type is unconnected in block <Top_Level>.
WARNING:Xst:2677 - Node <Button_Debounce/BTN_1/COUNT_2> of sequential type is unconnected in block <Top_Level>.
WARNING:Xst:2677 - Node <Button_Debounce/BTN_1/COUNT_1> of sequential type is unconnected in block <Top_Level>.
WARNING:Xst:2677 - Node <Button_Debounce/BTN_1/COUNT_0> of sequential type is unconnected in block <Top_Level>.
WARNING:Xst:2677 - Node <Button_Debounce/BTN_1/OUTPUT> of sequential type is unconnected in block <Top_Level>.
WARNING:Xst:2677 - Node <Button_Debounce/BTN_1/D_STATE_1> of sequential type is unconnected in block <Top_Level>.
WARNING:Xst:2677 - Node <Button_Debounce/BTN_1/D_STATE_0> of sequential type is unconnected in block <Top_Level>.
WARNING:Xst:2677 - Node <Button_Debounce/BTN_3/COUNT_20> of sequential type is unconnected in block <Top_Level>.
WARNING:Xst:2677 - Node <Button_Debounce/BTN_3/COUNT_19> of sequential type is unconnected in block <Top_Level>.
WARNING:Xst:2677 - Node <Button_Debounce/BTN_3/COUNT_18> of sequential type is unconnected in block <Top_Level>.
WARNING:Xst:2677 - Node <Button_Debounce/BTN_3/COUNT_17> of sequential type is unconnected in block <Top_Level>.
WARNING:Xst:2677 - Node <Button_Debounce/BTN_3/COUNT_16> of sequential type is unconnected in block <Top_Level>.
WARNING:Xst:2677 - Node <Button_Debounce/BTN_3/COUNT_15> of sequential type is unconnected in block <Top_Level>.
WARNING:Xst:2677 - Node <Button_Debounce/BTN_3/COUNT_14> of sequential type is unconnected in block <Top_Level>.
WARNING:Xst:2677 - Node <Button_Debounce/BTN_3/COUNT_13> of sequential type is unconnected in block <Top_Level>.
WARNING:Xst:2677 - Node <Button_Debounce/BTN_3/COUNT_12> of sequential type is unconnected in block <Top_Level>.
WARNING:Xst:2677 - Node <Button_Debounce/BTN_3/COUNT_11> of sequential type is unconnected in block <Top_Level>.
WARNING:Xst:2677 - Node <Button_Debounce/BTN_3/COUNT_10> of sequential type is unconnected in block <Top_Level>.
WARNING:Xst:2677 - Node <Button_Debounce/BTN_3/COUNT_9> of sequential type is unconnected in block <Top_Level>.
WARNING:Xst:2677 - Node <Button_Debounce/BTN_3/COUNT_8> of sequential type is unconnected in block <Top_Level>.
WARNING:Xst:2677 - Node <Button_Debounce/BTN_3/COUNT_7> of sequential type is unconnected in block <Top_Level>.
WARNING:Xst:2677 - Node <Button_Debounce/BTN_3/COUNT_6> of sequential type is unconnected in block <Top_Level>.
WARNING:Xst:2677 - Node <Button_Debounce/BTN_3/COUNT_5> of sequential type is unconnected in block <Top_Level>.
WARNING:Xst:2677 - Node <Button_Debounce/BTN_3/COUNT_4> of sequential type is unconnected in block <Top_Level>.
WARNING:Xst:2677 - Node <Button_Debounce/BTN_3/COUNT_3> of sequential type is unconnected in block <Top_Level>.
WARNING:Xst:2677 - Node <Button_Debounce/BTN_3/COUNT_2> of sequential type is unconnected in block <Top_Level>.
WARNING:Xst:2677 - Node <Button_Debounce/BTN_3/COUNT_1> of sequential type is unconnected in block <Top_Level>.
WARNING:Xst:2677 - Node <Button_Debounce/BTN_3/COUNT_0> of sequential type is unconnected in block <Top_Level>.
WARNING:Xst:2677 - Node <Button_Debounce/BTN_3/OUTPUT> of sequential type is unconnected in block <Top_Level>.
WARNING:Xst:2677 - Node <Button_Debounce/BTN_3/D_STATE_1> of sequential type is unconnected in block <Top_Level>.
WARNING:Xst:2677 - Node <Button_Debounce/BTN_3/D_STATE_0> of sequential type is unconnected in block <Top_Level>.

Mapping all equations...
Building and optimizing final netlist ...
Found area constraint ratio of 100 (+ 5) on block Top_Level, actual ratio is 0.

Final Macro Processing ...

=========================================================================
Final Register Report

Macro Statistics
# Registers                                            : 32
 Flip-Flops                                            : 32

=========================================================================

=========================================================================
*                           Partition Report                            *
=========================================================================

Partition Implementation Status
-------------------------------

  No Partitions were found in this design.

-------------------------------

=========================================================================
*                            Final Report                               *
=========================================================================
Final Results
RTL Top Level Output File Name     : Top_Level.ngr
Top Level Output File Name         : Top_Level
Output Format                      : NGC
Optimization Goal                  : Speed
Keep Hierarchy                     : No

Design Statistics
# IOs                              : 18

Cell Usage :
# BELS                             : 78
#      GND                         : 1
#      INV                         : 2
#      LUT1                        : 20
#      LUT2                        : 2
#      LUT2_L                      : 1
#      LUT3                        : 4
#      LUT3_D                      : 1
#      LUT4                        : 4
#      LUT4_D                      : 1
#      MUXCY                       : 20
#      VCC                         : 1
#      XORCY                       : 21
# FlipFlops/Latches                : 32
#      FDCPE                       : 8
#      FDE                         : 3
#      FDRE                        : 21
# Clock Buffers                    : 1
#      BUFGP                       : 1
# IO Buffers                       : 10
#      IBUF                        : 2
#      OBUF                        : 8
=========================================================================

Device utilization summary:
---------------------------

Selected Device : 3s500efg320-4 

 Number of Slices:                       19  out of   4656     0%  
 Number of Slice Flip Flops:             32  out of   9312     0%  
 Number of 4 input LUTs:                 35  out of   9312     0%  
 Number of IOs:                          18
 Number of bonded IOBs:                  11  out of    232     4%  
 Number of GCLKs:                         1  out of     24     4%  

---------------------------
Partition Resource Summary:
---------------------------

  No Partitions were found in this design.

---------------------------


=========================================================================
TIMING REPORT

NOTE: THESE TIMING NUMBERS ARE ONLY A SYNTHESIS ESTIMATE.
      FOR ACCURATE TIMING INFORMATION PLEASE REFER TO THE TRACE REPORT
      GENERATED AFTER PLACE-and-ROUTE.

Clock Information:
------------------
-----------------------------------+----------------------------+-------+
Clock Signal                       | Clock buffer(FF name)      | Load  |
-----------------------------------+----------------------------+-------+
Button_Debounce/BTN_2/OUTPUT       | NONE(Incrementer/COUNTER_7)| 8     |
CLK                                | BUFGP                      | 24    |
-----------------------------------+----------------------------+-------+
INFO:Xst:2169 - HDL ADVISOR - Some clock signals were not automatically buffered by XST with BUFG/BUFR resources. Please use the buffer_type constraint in order to insert these buffers to the clock signals to help prevent skew problems.

Asynchronous Control Signals Information:
----------------------------------------
-----------------------------------------+----------------------------+-------+
Control Signal                           | Buffer(FF name)            | Load  |
-----------------------------------------+----------------------------+-------+
BTN_SOUTH                                | IBUF                       | 8     |
Incrementer/COUNTER_0__and0001(XST_GND:G)| NONE(Incrementer/COUNTER_0)| 8     |
-----------------------------------------+----------------------------+-------+

Timing Summary:
---------------
Speed Grade: -4

   Minimum period: 4.623ns (Maximum Frequency: 216.310MHz)
   Minimum input arrival time before clock: 3.439ns
   Maximum output required time after clock: 4.532ns
   Maximum combinational path delay: No path found

Timing Detail:
--------------
All values displayed in nanoseconds (ns)

=========================================================================
Timing constraint: Default period analysis for Clock 'Button_Debounce/BTN_2/OUTPUT'
  Clock period: 4.623ns (frequency: 216.310MHz)
  Total number of paths / destination ports: 36 / 8
-------------------------------------------------------------------------
Delay:               4.623ns (Levels of Logic = 3)
  Source:            Incrementer/COUNTER_3 (FF)
  Destination:       Incrementer/COUNTER_7 (FF)
  Source Clock:      Button_Debounce/BTN_2/OUTPUT rising
  Destination Clock: Button_Debounce/BTN_2/OUTPUT rising

  Data Path: Incrementer/COUNTER_3 to Incrementer/COUNTER_7
                                Gate     Net
    Cell:in->out      fanout   Delay   Delay  Logical Name (Net Name)
    ----------------------------------------  ------------
     FDCPE:C->Q            3   0.591   0.706  Incrementer/COUNTER_3 (Incrementer/COUNTER_3)
     LUT4_D:I0->O          2   0.704   0.482  Incrementer/COUNTER_Madd__add0000_cy<3>11 (Incrementer/COUNTER_Madd__add0000_cy<3>)
     LUT3_D:I2->O          1   0.704   0.424  Incrementer/COUNTER_Madd__add0000_cy<5>11 (Incrementer/COUNTER_Madd__add0000_cy<5>)
     LUT4:I3->O            1   0.704   0.000  Incrementer/COUNTER_Q_mux0000<7>1 (Incrementer/COUNTER_Q_mux0000<7>)
     FDCPE:D                   0.308          Incrementer/COUNTER_7
    ----------------------------------------
    Total                      4.623ns (3.011ns logic, 1.612ns route)
                                       (65.1% logic, 34.9% route)

=========================================================================
Timing constraint: Default period analysis for Clock 'CLK'
  Clock period: 4.528ns (frequency: 220.848MHz)
  Total number of paths / destination ports: 299 / 66
-------------------------------------------------------------------------
Delay:               4.528ns (Levels of Logic = 21)
  Source:            Button_Debounce/BTN_2/COUNT_1 (FF)
  Destination:       Button_Debounce/BTN_2/COUNT_20 (FF)
  Source Clock:      CLK rising
  Destination Clock: CLK rising

  Data Path: Button_Debounce/BTN_2/COUNT_1 to Button_Debounce/BTN_2/COUNT_20
                                Gate     Net
    Cell:in->out      fanout   Delay   Delay  Logical Name (Net Name)
    ----------------------------------------  ------------
     FDRE:C->Q             1   0.591   0.595  Button_Debounce/BTN_2/COUNT_1 (Button_Debounce/BTN_2/COUNT_1)
     LUT1:I0->O            1   0.704   0.000  Button_Debounce/BTN_2/Mcount_COUNT_cy<1>_rt (Button_Debounce/BTN_2/Mcount_COUNT_cy<1>_rt)
     MUXCY:S->O            1   0.464   0.000  Button_Debounce/BTN_2/Mcount_COUNT_cy<1> (Button_Debounce/BTN_2/Mcount_COUNT_cy<1>)
     MUXCY:CI->O           1   0.059   0.000  Button_Debounce/BTN_2/Mcount_COUNT_cy<2> (Button_Debounce/BTN_2/Mcount_COUNT_cy<2>)
     MUXCY:CI->O           1   0.059   0.000  Button_Debounce/BTN_2/Mcount_COUNT_cy<3> (Button_Debounce/BTN_2/Mcount_COUNT_cy<3>)
     MUXCY:CI->O           1   0.059   0.000  Button_Debounce/BTN_2/Mcount_COUNT_cy<4> (Button_Debounce/BTN_2/Mcount_COUNT_cy<4>)
     MUXCY:CI->O           1   0.059   0.000  Button_Debounce/BTN_2/Mcount_COUNT_cy<5> (Button_Debounce/BTN_2/Mcount_COUNT_cy<5>)
     MUXCY:CI->O           1   0.059   0.000  Button_Debounce/BTN_2/Mcount_COUNT_cy<6> (Button_Debounce/BTN_2/Mcount_COUNT_cy<6>)
     MUXCY:CI->O           1   0.059   0.000  Button_Debounce/BTN_2/Mcount_COUNT_cy<7> (Button_Debounce/BTN_2/Mcount_COUNT_cy<7>)
     MUXCY:CI->O           1   0.059   0.000  Button_Debounce/BTN_2/Mcount_COUNT_cy<8> (Button_Debounce/BTN_2/Mcount_COUNT_cy<8>)
     MUXCY:CI->O           1   0.059   0.000  Button_Debounce/BTN_2/Mcount_COUNT_cy<9> (Button_Debounce/BTN_2/Mcount_COUNT_cy<9>)
     MUXCY:CI->O           1   0.059   0.000  Button_Debounce/BTN_2/Mcount_COUNT_cy<10> (Button_Debounce/BTN_2/Mcount_COUNT_cy<10>)
     MUXCY:CI->O           1   0.059   0.000  Button_Debounce/BTN_2/Mcount_COUNT_cy<11> (Button_Debounce/BTN_2/Mcount_COUNT_cy<11>)
     MUXCY:CI->O           1   0.059   0.000  Button_Debounce/BTN_2/Mcount_COUNT_cy<12> (Button_Debounce/BTN_2/Mcount_COUNT_cy<12>)
     MUXCY:CI->O           1   0.059   0.000  Button_Debounce/BTN_2/Mcount_COUNT_cy<13> (Button_Debounce/BTN_2/Mcount_COUNT_cy<13>)
     MUXCY:CI->O           1   0.059   0.000  Button_Debounce/BTN_2/Mcount_COUNT_cy<14> (Button_Debounce/BTN_2/Mcount_COUNT_cy<14>)
     MUXCY:CI->O           1   0.059   0.000  Button_Debounce/BTN_2/Mcount_COUNT_cy<15> (Button_Debounce/BTN_2/Mcount_COUNT_cy<15>)
     MUXCY:CI->O           1   0.059   0.000  Button_Debounce/BTN_2/Mcount_COUNT_cy<16> (Button_Debounce/BTN_2/Mcount_COUNT_cy<16>)
     MUXCY:CI->O           1   0.059   0.000  Button_Debounce/BTN_2/Mcount_COUNT_cy<17> (Button_Debounce/BTN_2/Mcount_COUNT_cy<17>)
     MUXCY:CI->O           1   0.059   0.000  Button_Debounce/BTN_2/Mcount_COUNT_cy<18> (Button_Debounce/BTN_2/Mcount_COUNT_cy<18>)
     MUXCY:CI->O           0   0.059   0.000  Button_Debounce/BTN_2/Mcount_COUNT_cy<19> (Button_Debounce/BTN_2/Mcount_COUNT_cy<19>)
     XORCY:CI->O           1   0.804   0.000  Button_Debounce/BTN_2/Mcount_COUNT_xor<20> (Button_Debounce/BTN_2/Result<20>)
     FDRE:D                    0.308          Button_Debounce/BTN_2/COUNT_20
    ----------------------------------------
    Total                      4.528ns (3.933ns logic, 0.595ns route)
                                       (86.9% logic, 13.1% route)

=========================================================================
Timing constraint: Default OFFSET IN BEFORE for Clock 'Button_Debounce/BTN_2/OUTPUT'
  Total number of paths / destination ports: 8 / 8
-------------------------------------------------------------------------
Offset:              3.439ns (Levels of Logic = 2)
  Source:            BTN_SOUTH (PAD)
  Destination:       Incrementer/COUNTER_7 (FF)
  Destination Clock: Button_Debounce/BTN_2/OUTPUT rising

  Data Path: BTN_SOUTH to Incrementer/COUNTER_7
                                Gate     Net
    Cell:in->out      fanout   Delay   Delay  Logical Name (Net Name)
    ----------------------------------------  ------------
     IBUF:I->O            16   1.218   1.209  BTN_SOUTH_IBUF (BTN_SOUTH_IBUF)
     LUT2:I0->O            1   0.704   0.000  Incrementer/COUNTER_Q_mux0000<0>1 (Incrementer/COUNTER_Q_mux0000<0>)
     FDCPE:D                   0.308          Incrementer/COUNTER_0
    ----------------------------------------
    Total                      3.439ns (2.230ns logic, 1.209ns route)
                                       (64.8% logic, 35.2% route)

=========================================================================
Timing constraint: Default OFFSET IN BEFORE for Clock 'CLK'
  Total number of paths / destination ports: 1 / 1
-------------------------------------------------------------------------
Offset:              1.946ns (Levels of Logic = 1)
  Source:            ROT_CENTER (PAD)
  Destination:       Button_Debounce/BTN_2/D_STATE_0 (FF)
  Destination Clock: CLK rising

  Data Path: ROT_CENTER to Button_Debounce/BTN_2/D_STATE_0
                                Gate     Net
    Cell:in->out      fanout   Delay   Delay  Logical Name (Net Name)
    ----------------------------------------  ------------
     IBUF:I->O             1   1.218   0.420  ROT_CENTER_IBUF (ROT_CENTER_IBUF)
     FDE:D                     0.308          Button_Debounce/BTN_2/D_STATE_0
    ----------------------------------------
    Total                      1.946ns (1.526ns logic, 0.420ns route)
                                       (78.4% logic, 21.6% route)

=========================================================================
Timing constraint: Default OFFSET OUT AFTER for Clock 'Button_Debounce/BTN_2/OUTPUT'
  Total number of paths / destination ports: 8 / 8
-------------------------------------------------------------------------
Offset:              4.532ns (Levels of Logic = 1)
  Source:            Incrementer/COUNTER_0 (FF)
  Destination:       LED<0> (PAD)
  Source Clock:      Button_Debounce/BTN_2/OUTPUT rising

  Data Path: Incrementer/COUNTER_0 to LED<0>
                                Gate     Net
    Cell:in->out      fanout   Delay   Delay  Logical Name (Net Name)
    ----------------------------------------  ------------
     FDCPE:C->Q            6   0.591   0.669  Incrementer/COUNTER_0 (Incrementer/COUNTER_0)
     OBUF:I->O                 3.272          LED_0_OBUF (LED<0>)
    ----------------------------------------
    Total                      4.532ns (3.863ns logic, 0.669ns route)
                                       (85.2% logic, 14.8% route)

=========================================================================


Total REAL time to Xst completion: 4.00 secs
Total CPU time to Xst completion: 4.81 secs
 
--> 


Total memory usage is 512536 kilobytes

Number of errors   :    0 (   0 filtered)
Number of warnings :   82 (   0 filtered)
Number of infos    :    1 (   0 filtered)

